<?xml version="1.0" encoding="UTF-8"?>
<testng-results ignored="0" total="3" passed="3" failed="0" skipped="0">
  <reporter-output>
  </reporter-output>
  <suite started-at="2022-03-21T22:59:33 IST" name="Default suite" finished-at="2022-03-21T23:00:22 IST" duration-ms="49017">
    <groups>
    </groups>
    <test started-at="2022-03-21T22:59:33 IST" name="Default test" finished-at="2022-03-21T23:00:22 IST" duration-ms="49017">
      <class name="TestNG_Sessions.GoogleTest">
        <test-method is-config="true" signature="setUp()[pri:0, instance:TestNG_Sessions.GoogleTest@1b6e1eff]" started-at="2022-03-21T22:59:33 IST" name="setUp" finished-at="2022-03-21T22:59:48 IST" duration-ms="14792" status="PASS">
          <reporter-output>
          </reporter-output>
        </test-method> <!-- setUp -->
        <test-method signature="gmailLinkTest()[pri:0, instance:TestNG_Sessions.GoogleTest@1b6e1eff]" started-at="2022-03-21T22:59:48 IST" name="gmailLinkTest" finished-at="2022-03-21T22:59:49 IST" duration-ms="541" status="PASS">
          <reporter-output>
          </reporter-output>
        </test-method> <!-- gmailLinkTest -->
        <test-method is-config="true" signature="tearDown()[pri:0, instance:TestNG_Sessions.GoogleTest@1b6e1eff]" started-at="2022-03-21T22:59:49 IST" name="tearDown" finished-at="2022-03-21T22:59:50 IST" duration-ms="1237" status="PASS">
          <reporter-output>
          </reporter-output>
        </test-method> <!-- tearDown -->
        <test-method is-config="true" signature="setUp()[pri:0, instance:TestNG_Sessions.GoogleTest@1b6e1eff]" started-at="2022-03-21T22:59:50 IST" name="setUp" finished-at="2022-03-21T23:00:00 IST" duration-ms="9867" status="PASS">
          <reporter-output>
          </reporter-output>
        </test-method> <!-- setUp -->
        <test-method signature="logoTest()[pri:0, instance:TestNG_Sessions.GoogleTest@1b6e1eff]" started-at="2022-03-21T23:00:00 IST" name="logoTest" finished-at="2022-03-21T23:00:00 IST" duration-ms="75" status="PASS">
          <reporter-output>
          </reporter-output>
        </test-method> <!-- logoTest -->
        <test-method is-config="true" signature="tearDown()[pri:0, instance:TestNG_Sessions.GoogleTest@1b6e1eff]" started-at="2022-03-21T23:00:00 IST" name="tearDown" finished-at="2022-03-21T23:00:01 IST" duration-ms="1184" status="PASS">
          <reporter-output>
          </reporter-output>
        </test-method> <!-- tearDown -->
        <test-method is-config="true" signature="setUp()[pri:0, instance:TestNG_Sessions.GoogleTest@1b6e1eff]" started-at="2022-03-21T23:00:01 IST" name="setUp" finished-at="2022-03-21T23:00:18 IST" duration-ms="16853" status="PASS">
          <reporter-output>
          </reporter-output>
        </test-method> <!-- setUp -->
        <test-method signature="titleTest()[pri:0, instance:TestNG_Sessions.GoogleTest@1b6e1eff]" started-at="2022-03-21T23:00:18 IST" name="titleTest" finished-at="2022-03-21T23:00:18 IST" duration-ms="61" status="PASS">
          <reporter-output>
          </reporter-output>
        </test-method> <!-- titleTest -->
        <test-method is-config="true" signature="tearDown()[pri:0, instance:TestNG_Sessions.GoogleTest@1b6e1eff]" started-at="2022-03-21T23:00:18 IST" name="tearDown" finished-at="2022-03-21T23:00:22 IST" duration-ms="4316" status="PASS">
          <reporter-output>
          </reporter-output>
        </test-method> <!-- tearDown -->
      </class> <!-- TestNG_Sessions.GoogleTest -->
    </test> <!-- Default test -->
  </suite> <!-- Default suite -->
</testng-results>
