<?xml version="1.0" encoding="UTF-8"?>
<!-- Generated by org.testng.reporters.JUnitXMLReporter -->
<testsuite ignored="0" hostname="LAPTOP-DQ5N2O9I" failures="0" tests="3" name="Default test" time="49.017" errors="0" timestamp="2022-03-21T23:00:22 IST">
  <testcase classname="TestNG_Sessions.GoogleTest" name="gmailLinkTest" time="0.541"/>
  <testcase classname="TestNG_Sessions.GoogleTest" name="logoTest" time="0.075"/>
  <testcase classname="TestNG_Sessions.GoogleTest" name="titleTest" time="0.061"/>
</testsuite> <!-- Default test -->
